e:\project\er\er\debug\vc120.pdb
e:\project\er\er\debug\vc120.idb
e:\project\er\er\debug\character_recognition.obj
e:\project\er\er\debug\cropped_word_recognition.obj
e:\project\er\er\debug\end_to_end_recognition.obj
e:\project\er\er\debug\segmented_word_recognition.obj
e:\project\er\er\debug\textdetection.obj
e:\project\er\er\debug\erfilter.obj
e:\project\er\er\debug\ocr_beamsearch_decoder.obj
e:\project\er\er\debug\ocr_hmm_decoder.obj
e:\project\er\er\debug\ocr_tesseract.obj
e:\project\er\er\debug\webcam_demo.obj
e:\project\er\er\debug\test.obj
e:\project\er\er\debug\textdection1.obj
e:\project\er\debug\er.ilk
e:\project\er\debug\er.exe
e:\project\er\debug\er.pdb
e:\project\er\er\debug\er.tlog\cl.command.1.tlog
e:\project\er\er\debug\er.tlog\cl.read.1.tlog
e:\project\er\er\debug\er.tlog\cl.write.1.tlog
e:\project\er\er\debug\er.tlog\link-cvtres.read.1.tlog
e:\project\er\er\debug\er.tlog\link-cvtres.write.1.tlog
e:\project\er\er\debug\er.tlog\link-rc.read.1.tlog
e:\project\er\er\debug\er.tlog\link-rc.write.1.tlog
e:\project\er\er\debug\er.tlog\link.12704-cvtres.read.1.tlog
e:\project\er\er\debug\er.tlog\link.12704-cvtres.write.1.tlog
e:\project\er\er\debug\er.tlog\link.12704-rc.read.1.tlog
e:\project\er\er\debug\er.tlog\link.12704-rc.write.1.tlog
e:\project\er\er\debug\er.tlog\link.12704.read.1.tlog
e:\project\er\er\debug\er.tlog\link.12704.write.1.tlog
e:\project\er\er\debug\er.tlog\link.command.1.tlog
e:\project\er\er\debug\er.tlog\link.read.1.tlog
e:\project\er\er\debug\er.tlog\link.write.1.tlog
